<?xml version="1.0" encoding="UTF-8"?>
<!-- Generated by org.testng.reporters.JUnitXMLReporter -->
<testsuite hostname="LAPTOP-G3HTDHLD" ignored="0" name="TestOnChrome" tests="3" failures="0" timestamp="26 Mar 2018 19:00:07 GMT" time="58.615" errors="0">
  <testcase name="testValidlogin" time="3.725" classname="script.TestValidLogin"/>
  <testcase name="testInvlidLogin" time="13.847" classname="script.TestInvalidLogin"/>
  <testcase name="createuser" time="11.672" classname="script.TestCreateUser"/>
</testsuite> <!-- TestOnChrome -->
