<?xml version="1.0" encoding="UTF-8"?>
<!-- Generated by org.testng.reporters.JUnitXMLReporter -->
<testsuite hostname="LAPTOP-G3HTDHLD" ignored="2" name="TestOnFirefox" tests="1" failures="0" timestamp="24 Mar 2018 03:55:22 GMT" time="89.345" errors="0">
  <testcase name="createuser" time="14.763" classname="script.TestCreateUser"/>
  <testcase name="testValidlogin" time="0.0" classname="script.TestValidLogin">
    <ignored/>
  </testcase> <!-- testValidlogin -->
  <testcase name="testInvlidLogin" time="0.0" classname="script.TestInvalidLogin">
    <ignored/>
  </testcase> <!-- testInvlidLogin -->
</testsuite> <!-- TestOnFirefox -->
