<?xml version="1.0" encoding="UTF-8"?>
<!-- Generated by org.testng.reporters.JUnitXMLReporter -->
<testsuite hostname="LAPTOP-G3HTDHLD" ignored="2" name="TestOnFirefox" tests="1" failures="0" timestamp="23 Mar 2018 08:45:23 GMT" time="30.572" errors="0">
  <testcase name="createuser" time="13.951" classname="script.TestCreateUser"/>
  <testcase name="testValidlogin" time="0.0" classname="script.TestValidLogin">
    <ignored/>
  </testcase> <!-- testValidlogin -->
  <testcase name="testInvlidLogin" time="0.0" classname="script.TestInvalidLogin">
    <ignored/>
  </testcase> <!-- testInvlidLogin -->
</testsuite> <!-- TestOnFirefox -->
