<?xml version="1.0" encoding="UTF-8"?>
<testng-results skipped="0" failed="0" ignored="4" total="6" passed="2">
  <reporter-output>
    <line>
      <![CDATA[createuseris PASSED]]>
    </line>
    <line>
      <![CDATA[createuseris PASSED]]>
    </line>
  </reporter-output>
  <suite name="Suite" duration-ms="33762" started-at="2018-03-23T08:44:52Z" finished-at="2018-03-23T08:45:26Z">
    <groups>
    </groups>
    <test name="TestOnFirefox" duration-ms="30572" started-at="2018-03-23T08:44:52Z" finished-at="2018-03-23T08:45:23Z">
      <class name="script.TestCreateUser">
        <test-method status="PASS" signature="openApp(java.lang.String, java.lang.String)[pri:0, instance:script.TestCreateUser@23d2a7e8]" name="openApp" is-config="true" duration-ms="16400" started-at="2018-03-23T08:44:52Z" finished-at="2018-03-23T08:45:08Z">
          <params>
            <param index="0">
              <value>
                <![CDATA[192.168.137.1]]>
              </value>
            </param>
            <param index="1">
              <value>
                <![CDATA[chrome]]>
              </value>
            </param>
          </params>
          <reporter-output>
          </reporter-output>
        </test-method> <!-- openApp -->
        <test-method status="PASS" signature="createuser()[pri:3, instance:script.TestCreateUser@23d2a7e8]" name="createuser" duration-ms="13951" started-at="2018-03-23T08:45:08Z" finished-at="2018-03-23T08:45:22Z">
          <reporter-output>
          </reporter-output>
        </test-method> <!-- createuser -->
        <test-method status="PASS" signature="closeApp(org.testng.ITestResult)[pri:0, instance:script.TestCreateUser@23d2a7e8]" name="closeApp" is-config="true" duration-ms="183" started-at="2018-03-23T08:45:22Z" finished-at="2018-03-23T08:45:23Z">
          <params>
            <param index="0">
              <value>
                <![CDATA[[TestResult name=createuser status=SUCCESS method=TestCreateUser.createuser()[pri:3, instance:script.TestCreateUser@23d2a7e8] output={null}]]]>
              </value>
            </param>
          </params>
          <reporter-output>
            <line>
              <![CDATA[createuseris PASSED]]>
            </line>
          </reporter-output>
        </test-method> <!-- closeApp -->
      </class> <!-- script.TestCreateUser -->
    </test> <!-- TestOnFirefox -->
    <test name="TestOnChrome" duration-ms="33762" started-at="2018-03-23T08:44:52Z" finished-at="2018-03-23T08:45:26Z">
      <class name="script.TestCreateUser">
        <test-method status="PASS" signature="openApp(java.lang.String, java.lang.String)[pri:0, instance:script.TestCreateUser@4b553d26]" name="openApp" is-config="true" duration-ms="25567" started-at="2018-03-23T08:44:52Z" finished-at="2018-03-23T08:45:18Z">
          <params>
            <param index="0">
              <value>
                <![CDATA[192.168.137.1]]>
              </value>
            </param>
            <param index="1">
              <value>
                <![CDATA[firefox]]>
              </value>
            </param>
          </params>
          <reporter-output>
          </reporter-output>
        </test-method> <!-- openApp -->
        <test-method status="PASS" signature="createuser()[pri:3, instance:script.TestCreateUser@4b553d26]" name="createuser" duration-ms="7795" started-at="2018-03-23T08:45:18Z" finished-at="2018-03-23T08:45:25Z">
          <reporter-output>
          </reporter-output>
        </test-method> <!-- createuser -->
        <test-method status="PASS" signature="closeApp(org.testng.ITestResult)[pri:0, instance:script.TestCreateUser@4b553d26]" name="closeApp" is-config="true" duration-ms="365" started-at="2018-03-23T08:45:25Z" finished-at="2018-03-23T08:45:26Z">
          <params>
            <param index="0">
              <value>
                <![CDATA[[TestResult name=createuser status=SUCCESS method=TestCreateUser.createuser()[pri:3, instance:script.TestCreateUser@4b553d26] output={null}]]]>
              </value>
            </param>
          </params>
          <reporter-output>
            <line>
              <![CDATA[createuseris PASSED]]>
            </line>
          </reporter-output>
        </test-method> <!-- closeApp -->
      </class> <!-- script.TestCreateUser -->
    </test> <!-- TestOnChrome -->
  </suite> <!-- Suite -->
</testng-results>
